
> global-gardeners-app@0.1.0 dev
> next dev --hostname 127.0.0.1 --port 3000

▲ Next.js 16.2.1 (Turbopack)
- Local:         http://127.0.0.1:3000
- Network:       http://127.0.0.1:3000
- Environments: .env.local
✓ Ready in 656ms

 GET /feed 200 in 974ms (next.js: 800ms, application-code: 173ms)
 GET /api/auth/me 200 in 753ms (next.js: 84ms, application-code: 669ms)
 GET /api/profile/me 200 in 1810ms (next.js: 66ms, application-code: 1744ms)
 GET /api/profile/onboarding-status 200 in 1471ms (next.js: 27ms, application-code: 1444ms)
 GET /api/feed 200 in 4.2s (next.js: 30ms, application-code: 4.1s)
 HEAD / 200 in 119ms (next.js: 37ms, application-code: 82ms)
 POST /api/auth/logout 200 in 44ms (next.js: 36ms, application-code: 8ms)
 GET /login 200 in 52ms (next.js: 26ms, application-code: 26ms)
 POST /api/auth/login 200 in 1967ms (next.js: 29ms, application-code: 1938ms)
 GET /feed 200 in 25ms (next.js: 4ms, application-code: 21ms)
 GET /api/auth/me 200 in 494ms (next.js: 5ms, application-code: 489ms)
 GET /api/auth/me 200 in 532ms (next.js: 2ms, application-code: 530ms)
 GET /api/profile/me 200 in 1500ms (next.js: 9ms, application-code: 1491ms)
 GET /api/profile/onboarding-status 200 in 1636ms (next.js: 3ms, application-code: 1633ms)
 GET /api/profile/me 200 in 2.2s (next.js: 3ms, application-code: 2.2s)
 GET /api/feed 200 in 3.9s (next.js: 3ms, application-code: 3.9s)
 GET /api/feed 200 in 1840ms (next.js: 4ms, application-code: 1836ms)
 GET /my-garden 200 in 61ms (next.js: 37ms, application-code: 24ms)
 GET /api/profile/me 200 in 3.4s (next.js: 4ms, application-code: 3.4s)
 GET /api/profile/me 200 in 1251ms (next.js: 4ms, application-code: 1247ms)
 GET /profile 200 in 95ms (next.js: 50ms, application-code: 45ms)
 GET /api/profile/onboarding-status 200 in 2.0s (next.js: 4ms, application-code: 2.0s)
 GET /api/profile/me 200 in 4.4s (next.js: 5ms, application-code: 4.4s)
 GET /api/profile/onboarding-status 200 in 4.9s (next.js: 3ms, application-code: 4.9s)
 GET /api/profile/me 200 in 3.9s (next.js: 3ms, application-code: 3.9s)
 GET /api/feed 200 in 8.8s (next.js: 4ms, application-code: 8.8s)
 GET /api/feed 200 in 2.4s (next.js: 6ms, application-code: 2.4s)
 GET /profile 200 in 124ms (next.js: 15ms, application-code: 109ms)
 GET /api/profile/onboarding-status 200 in 3.2s (next.js: 28ms, application-code: 3.1s)
 GET /api/profile/me 200 in 4.0s (next.js: 10ms, application-code: 4.0s)
 GET /api/feed 200 in 7.2s (next.js: 24ms, application-code: 7.1s)
 POST /api/auth/logout 200 in 11ms (next.js: 6ms, application-code: 5ms)
 GET /login 200 in 30ms (next.js: 4ms, application-code: 26ms)
 POST /api/auth/login 200 in 2.2s (next.js: 3ms, application-code: 2.2s)
 GET /feed 200 in 24ms (next.js: 4ms, application-code: 20ms)
 GET /api/auth/me 200 in 497ms (next.js: 6ms, application-code: 491ms)
 GET /api/auth/me 200 in 393ms (next.js: 3ms, application-code: 390ms)
 GET /api/profile/me 200 in 1523ms (next.js: 3ms, application-code: 1520ms)
 GET /api/profile/onboarding-status 200 in 2.5s (next.js: 3ms, application-code: 2.5s)
 GET /api/feed 200 in 4.0s (next.js: 3ms, application-code: 4.0s)
 GET /api/profile/me 200 in 2.3s (next.js: 3ms, application-code: 2.3s)
 GET /api/feed 200 in 2.9s (next.js: 3ms, application-code: 2.9s)
 POST /api/auth/logout 200 in 8ms (next.js: 3ms, application-code: 5ms)
 GET /login 200 in 26ms (next.js: 4ms, application-code: 22ms)
 GET / 200 in 62ms (next.js: 4ms, application-code: 58ms)
 GET /api/auth/me 200 in 14ms (next.js: 5ms, application-code: 8ms)
 GET /signup 200 in 67ms (next.js: 40ms, application-code: 27ms)
 GET /login 200 in 47ms (next.js: 13ms, application-code: 34ms)
 GET /login 200 in 27ms (next.js: 3ms, application-code: 24ms)
 POST /api/auth/login 200 in 2.1s (next.js: 3ms, application-code: 2.1s)
 GET /feed 200 in 27ms (next.js: 3ms, application-code: 23ms)
 GET /api/auth/me 200 in 404ms (next.js: 3ms, application-code: 401ms)
 GET /api/auth/me 200 in 319ms (next.js: 3ms, application-code: 316ms)
 GET /api/profile/onboarding-status 200 in 835ms (next.js: 2ms, application-code: 833ms)
 GET /api/profile/me 200 in 2.7s (next.js: 8ms, application-code: 2.7s)
 GET /api/profile/me 200 in 844ms (next.js: 3ms, application-code: 841ms)
 GET /settings 200 in 139ms (next.js: 112ms, application-code: 27ms)
 GET /api/feed 200 in 4.4s (next.js: 3ms, application-code: 4.4s)
 GET /api/profile/me 200 in 1444ms (next.js: 3ms, application-code: 1441ms)
 GET /api/feed 200 in 1539ms (next.js: 4ms, application-code: 1535ms)
 GET /api/profile/me 200 in 1252ms (next.js: 1947µs, application-code: 1250ms)
 GET /feed 200 in 26ms (next.js: 3ms, application-code: 23ms)
 GET /api/auth/me 200 in 833ms (next.js: 3ms, application-code: 830ms)
 GET /api/auth/me 200 in 345ms (next.js: 2ms, application-code: 343ms)
 GET /api/profile/me 200 in 1983ms (next.js: 3ms, application-code: 1981ms)
 GET /api/profile/onboarding-status 200 in 1264ms (next.js: 3ms, application-code: 1261ms)
 GET /api/feed 200 in 3.3s (next.js: 3ms, application-code: 3.3s)
 GET /api/profile/me 200 in 1275ms (next.js: 3ms, application-code: 1272ms)
 GET /api/feed 200 in 3.5s (next.js: 5ms, application-code: 3.5s)
