⚠ Slow filesystem detected. The benchmark took 204ms. If D:\Global Gardeners\.next/dev is a network drive, consider moving it to a local folder.
See more: https://nextjs.org/docs/app/guides/local-development
⚠ Blocked cross-origin request to Next.js dev resource /_next/webpack-hmr from "192.168.100.104".
Cross-origin access to Next.js dev resources is blocked by default for safety.

To allow this host in development, add it to "allowedDevOrigins" in next.config.js and restart the dev server:

// next.config.js
module.exports = {
  allowedDevOrigins: ['192.168.100.104'],
}

Read more: https://nextjs.org/docs/app/api-reference/config/next-config-js/allowedDevOrigins
[browser] Encountered two children with the same key, `Title of log-Plant name`. Keys should be unique so that components maintain their identity across updates. Non-unique keys may cause children to be duplicated and/or omitted — the behavior is unsupported and could change in a future version. 
    at <unknown> (file://D:/Global Gardeners/.next/dev/static/chunks/node_modules_next_dist_compiled_react-dom_058-ah~._.js:4104:33)
    at runWithFiberInDEV (file://D:/Global Gardeners/.next/dev/static/chunks/node_modules_next_dist_compiled_react-dom_058-ah~._.js:965:74)
    at warnOnInvalidKey (file://D:/Global Gardeners/.next/dev/static/chunks/node_modules_next_dist_compiled_react-dom_058-ah~._.js:4103:21)
    at reconcileChildrenArray (file://D:/Global Gardeners/.next/dev/static/chunks/node_modules_next_dist_compiled_react-dom_058-ah~._.js:4129:160)
    at reconcileChildFibersImpl (file://D:/Global Gardeners/.next/dev/static/chunks/node_modules_next_dist_compiled_react-dom_058-ah~._.js:4236:51)
    at <unknown> (file://D:/Global Gardeners/.next/dev/static/chunks/node_modules_next_dist_compiled_react-dom_058-ah~._.js:4261:39)
    at reconcileChildren (file://D:/Global Gardeners/.next/dev/static/chunks/node_modules_next_dist_compiled_react-dom_058-ah~._.js:5898:51)
    at beginWork (file://D:/Global Gardeners/.next/dev/static/chunks/node_modules_next_dist_compiled_react-dom_058-ah~._.js:6758:1573)
    at runWithFiberInDEV (file://D:/Global Gardeners/.next/dev/static/chunks/node_modules_next_dist_compiled_react-dom_058-ah~._.js:965:74)
    at performUnitOfWork (file://D:/Global Gardeners/.next/dev/static/chunks/node_modules_next_dist_compiled_react-dom_058-ah~._.js:9555:97)
    at workLoopConcurrentByScheduler (file://D:/Global Gardeners/.next/dev/static/chunks/node_modules_next_dist_compiled_react-dom_058-ah~._.js:9551:58)
    at renderRootConcurrent (file://D:/Global Gardeners/.next/dev/static/chunks/node_modules_next_dist_compiled_react-dom_058-ah~._.js:9534:71)
    at performWorkOnRoot (file://D:/Global Gardeners/.next/dev/static/chunks/node_modules_next_dist_compiled_react-dom_058-ah~._.js:9061:150)
    at performWorkOnRootViaSchedulerTask (file://D:/Global Gardeners/.next/dev/static/chunks/node_modules_next_dist_compiled_react-dom_058-ah~._.js:10255:9)
    at MessagePort.performWorkUntilDeadline (file://D:/Global Gardeners/.next/dev/static/chunks/node_modules_next_dist_compiled_0rpq4pf._.js:2647:64) (file://D:/Global Gardeners/.next/dev/static/chunks/node_modules_next_dist_compiled_react-dom_058-ah~._.js:4104:33)
[browser] Encountered two children with the same key, `Title of log-Plant name`. Keys should be unique so that components maintain their identity across updates. Non-unique keys may cause children to be duplicated and/or omitted — the behavior is unsupported and could change in a future version. 
    at <unknown> (file://D:/Global Gardeners/.next/dev/static/chunks/node_modules_next_dist_compiled_react-dom_058-ah~._.js:4104:33)
    at runWithFiberInDEV (file://D:/Global Gardeners/.next/dev/static/chunks/node_modules_next_dist_compiled_react-dom_058-ah~._.js:965:74)
    at warnOnInvalidKey (file://D:/Global Gardeners/.next/dev/static/chunks/node_modules_next_dist_compiled_react-dom_058-ah~._.js:4103:21)
    at reconcileChildrenArray (file://D:/Global Gardeners/.next/dev/static/chunks/node_modules_next_dist_compiled_react-dom_058-ah~._.js:4120:29)
    at reconcileChildFibersImpl (file://D:/Global Gardeners/.next/dev/static/chunks/node_modules_next_dist_compiled_react-dom_058-ah~._.js:4236:51)
    at <unknown> (file://D:/Global Gardeners/.next/dev/static/chunks/node_modules_next_dist_compiled_react-dom_058-ah~._.js:4261:39)
    at reconcileChildren (file://D:/Global Gardeners/.next/dev/static/chunks/node_modules_next_dist_compiled_react-dom_058-ah~._.js:5898:119)
    at beginWork (file://D:/Global Gardeners/.next/dev/static/chunks/node_modules_next_dist_compiled_react-dom_058-ah~._.js:6758:1573)
    at runWithFiberInDEV (file://D:/Global Gardeners/.next/dev/static/chunks/node_modules_next_dist_compiled_react-dom_058-ah~._.js:965:74)
    at performUnitOfWork (file://D:/Global Gardeners/.next/dev/static/chunks/node_modules_next_dist_compiled_react-dom_058-ah~._.js:9555:97)
    at workLoopSync (file://D:/Global Gardeners/.next/dev/static/chunks/node_modules_next_dist_compiled_react-dom_058-ah~._.js:9449:40)
    at renderRootSync (file://D:/Global Gardeners/.next/dev/static/chunks/node_modules_next_dist_compiled_react-dom_058-ah~._.js:9433:13)
    at performWorkOnRoot (file://D:/Global Gardeners/.next/dev/static/chunks/node_modules_next_dist_compiled_react-dom_058-ah~._.js:9061:186)
    at performWorkOnRootViaSchedulerTask (file://D:/Global Gardeners/.next/dev/static/chunks/node_modules_next_dist_compiled_react-dom_058-ah~._.js:10255:9)
    at MessagePort.performWorkUntilDeadline (file://D:/Global Gardeners/.next/dev/static/chunks/node_modules_next_dist_compiled_0rpq4pf._.js:2647:64) (file://D:/Global Gardeners/.next/dev/static/chunks/node_modules_next_dist_compiled_react-dom_058-ah~._.js:4104:33)
[TypeError: fetch failed] {
  [cause]: Error: read ECONNRESET
      at ignore-listed frames {
    errno: -4077,
    code: 'ECONNRESET',
    syscall: 'read'
  }
}
[TypeError: fetch failed] {
  [cause]: Error: read ECONNRESET
      at ignore-listed frames {
    errno: -4077,
    code: 'ECONNRESET',
    syscall: 'read'
  }
}
